<?xml version="1.0" encoding="UTF-8"?>
<!-- Generated by org.testng.reporters.JUnitXMLReporter -->
<testsuite ignored="1" hostname="GURU" failures="0" tests="1" name="Default test" time="4.122" errors="0" timestamp="2024-08-31T17:39:19 IST">
  <testcase classname="api.canarabank.test.Account_stats" name="getAvlBalance" time="4.089"/>
  <testcase classname="api.canarabank.test.Account_stats" name="getAccStatement" time="0.0">
    <ignored/>
  </testcase> <!-- getAccStatement -->
</testsuite> <!-- Default test -->
