<?xml version="1.0" encoding="UTF-8"?>
<!-- Generated by org.testng.reporters.JUnitXMLReporter -->
<testsuite ignored="2" hostname="GURU" failures="0" tests="1" name="Default test" time="46.434" errors="0" timestamp="2024-08-27T17:35:23 IST">
  <testcase classname="eazypayout.test.LoginPageTest" name="testInvalidInputInMobNumField" time="42.397"/>
  <testcase classname="eazypayout.test.LoginPageTest" name="loginTestWithRegMobNum" time="0.0">
    <ignored/>
  </testcase> <!-- loginTestWithRegMobNum -->
  <testcase classname="eazypayout.test.LoginPageTest" name="loginTestWithUnRegMobNum" time="0.0">
    <ignored/>
  </testcase> <!-- loginTestWithUnRegMobNum -->
</testsuite> <!-- Default test -->
