<?xml version="1.0" encoding="UTF-8"?>
<testng-results ignored="1" total="2" passed="1" failed="0" skipped="0">
  <reporter-output>
  </reporter-output>
  <suite started-at="2024-08-31T17:39:15 IST" name="Default suite" finished-at="2024-08-31T17:39:19 IST" duration-ms="4122">
    <groups>
    </groups>
    <test started-at="2024-08-31T17:39:15 IST" name="Default test" finished-at="2024-08-31T17:39:19 IST" duration-ms="4122">
      <class name="api.canarabank.test.Account_stats">
        <test-method signature="getAvlBalance()[pri:0, instance:api.canarabank.test.Account_stats@702657cc]" started-at="2024-08-31T17:39:15 IST" name="getAvlBalance" finished-at="2024-08-31T17:39:19 IST" duration-ms="4089" status="PASS">
          <reporter-output>
          </reporter-output>
        </test-method> <!-- getAvlBalance -->
      </class> <!-- api.canarabank.test.Account_stats -->
    </test> <!-- Default test -->
  </suite> <!-- Default suite -->
</testng-results>
